Using pre-set license
Built from '2020.2/release' branch; Version is '2020.2.1f1 (270dd8c3da1c) revision 2559448'; Using compiler version '192528614'; Build Type 'Release'
OS: 'Windows 10  (10.0.0) 64bit' Language: 'en' Physical Memory: 16134 MB
BatchMode: 1, IsHumanControllingUs: 0, StartBugReporterOnCrash: 0, Is64bit: 1, IsPro: 0

 COMMAND LINE ARGUMENTS:
C:\Program Files\Unity\Hub\Editor\2020.2.1f1\Editor\Unity.exe
-adb2
-batchMode
-noUpm
-name
AssetImportWorker0
-projectPath
C:/Projects/StandAloneApps/FairlifeApp
-logFile
Logs/AssetImportWorker0.log
-srvPort
63105
Successfully changed project path to: C:/Projects/StandAloneApps/FairlifeApp
C:/Projects/StandAloneApps/FairlifeApp
Using Asset Import Pipeline V2.
Refreshing native plugins compatible for Editor in 99.45 ms, found 0 plugins.
Preloading 0 native plugins for Editor in 0.00 ms.
Initialize engine version: 2020.2.1f1 (270dd8c3da1c)
[Subsystems] Discovering subsystems at path C:/Program Files/Unity/Hub/Editor/2020.2.1f1/Editor/Data/Resources/UnitySubsystems
[Subsystems] Discovering subsystems at path C:/Projects/StandAloneApps/FairlifeApp/Assets
GfxDevice: creating device client; threaded=0
Direct3D:
    Version:  Direct3D 11.0 [level 11.1]
    Renderer: Microsoft Basic Render Driver (ID=0x8c)
    Vendor:   
    VRAM:     8067 MB
Initialize mono
Mono path[0] = 'C:/Program Files/Unity/Hub/Editor/2020.2.1f1/Editor/Data/Managed'
Mono path[1] = 'C:/Program Files/Unity/Hub/Editor/2020.2.1f1/Editor/Data/MonoBleedingEdge/lib/mono/unityjit'
Mono config path = 'C:/Program Files/Unity/Hub/Editor/2020.2.1f1/Editor/Data/MonoBleedingEdge/etc'
Using monoOptions --debugger-agent=transport=dt_socket,embedding=1,server=y,suspend=n,address=127.0.0.1:56484
Begin MonoManager ReloadAssembly
Registering precompiled unity dll's ...
Register platform support module: C:/Program Files/Unity/Hub/Editor/2020.2.1f1/Editor/Data/PlaybackEngines/WebGLSupport/UnityEditor.WebGL.Extensions.dll
Register platform support module: C:/Program Files/Unity/Hub/Editor/2020.2.1f1/Editor/Data/PlaybackEngines/WindowsStandaloneSupport/UnityEditor.WindowsStandalone.Extensions.dll
Register platform support module: C:/Program Files/Unity/Hub/Editor/2020.2.1f1/Editor/Data/PlaybackEngines/LinuxStandaloneSupport/UnityEditor.LinuxStandalone.Extensions.dll
Registered in 0.002701 seconds.
Native extension for LinuxStandalone target not found
Native extension for WindowsStandalone target not found
Native extension for WebGL target not found
Refreshing native plugins compatible for Editor in 70.06 ms, found 0 plugins.
Preloading 0 native plugins for Editor in 0.00 ms.
Invoked RoslynAnalysisRunner static constructor.
RoslynAnalysisRunner will not be running.
RoslynAnalysisRunner has terminated.
Mono: successfully reloaded assembly
- Completed reload, in  3.379 seconds
Platform modules already initialized, skipping
Registering precompiled user dll's ...
Registered in 0.014812 seconds.
Begin MonoManager ReloadAssembly
Native extension for LinuxStandalone target not found
Native extension for WindowsStandalone target not found
Native extension for WebGL target not found
Refreshing native plugins compatible for Editor in 0.89 ms, found 0 plugins.
Preloading 0 native plugins for Editor in 0.00 ms.
Invoked RoslynAnalysisRunner static constructor.
RoslynAnalysisRunner will not be running.
RoslynAnalysisRunner has terminated.
Mono: successfully reloaded assembly
- Completed reload, in  1.470 seconds
Platform modules already initialized, skipping
========================================================================
Worker process is ready to serve import requests
Launched and connected shader compiler UnityShaderCompiler.exe after 0.07 seconds
Refreshing native plugins compatible for Editor in 0.66 ms, found 0 plugins.
Preloading 0 native plugins for Editor in 0.00 ms.
Unloading 1666 Unused Serialized files (Serialized files now loaded: 0)
System memory in use before: 77.9 MB.
System memory in use after: 78.0 MB.

Unloading 51 unused Assets to reduce memory usage. Loaded Objects now: 2081.
Total: 3.401900 ms (FindLiveObjects: 0.302500 ms CreateObjectMapping: 0.095600 ms MarkObjects: 2.915400 ms  DeleteObjects: 0.086900 ms)

========================================================================
Received Import Request.
  path: Assets/Screens/UtilityMonitor.prefab
  artifactKey: Guid(f96da95953969924f94e3b31530c8c8b) Importer(815301076,1909f56bfc062723c751e8b465ee728b)
Start importing Assets/Screens/UtilityMonitor.prefab using Guid(f96da95953969924f94e3b31530c8c8b) Importer(815301076,1909f56bfc062723c751e8b465ee728b)  -> (artifact id: '16847fda777bb9dab3a9034dc89e58d3') in 0.319178 seconds
  Import took 0.333724 seconds .

========================================================================
Received Import Request.
  Time since last request: 101.509239 seconds.
  path: Assets/Scripts/HistorianGraph.cs
  artifactKey: Guid(6cd5dfd0f6726af44b14255199644416) Importer(815301076,1909f56bfc062723c751e8b465ee728b)
Start importing Assets/Scripts/HistorianGraph.cs using Guid(6cd5dfd0f6726af44b14255199644416) Importer(815301076,1909f56bfc062723c751e8b465ee728b)  -> (artifact id: 'fdbe998084f6142ae834aa33d830819c') in 0.047385 seconds
  Import took 0.052611 seconds .

========================================================================
Received Import Request.
  Time since last request: 1.890001 seconds.
  path: Assets/Scripts/ImageDownloader.cs
  artifactKey: Guid(b323764b8fb9b4a4588e07a9555a5a0b) Importer(815301076,1909f56bfc062723c751e8b465ee728b)
Start importing Assets/Scripts/ImageDownloader.cs using Guid(b323764b8fb9b4a4588e07a9555a5a0b) Importer(815301076,1909f56bfc062723c751e8b465ee728b)  -> (artifact id: 'e94e7383366d40a3c7d6869328febd7e') in 0.048426 seconds
  Import took 0.053070 seconds .

AssetImportWorkerClient::OnTransportError - code=2 error=End of file
